<?xml version="1.0" encoding="UTF-8"?>
<!-- Generated by org.testng.reporters.JUnitReportReporter -->
<testsuite skipped="0" hostname="DESKTOP-HLR597N" name="NewTest1" tests="3" failures="0" timestamp="2021-02-11T14:04:06 IST" time="10.408" errors="0">
  <testcase name="validate_json" time="2.082" classname="NewTest1"/>
  <system-out/>
  <testcase name="validate_xml" time="0.307" classname="NewTest1"/>
  <system-out/>
  <testcase name="simple_get_test" time="8.019" classname="NewTest1"/>
  <system-out/>
</testsuite> <!-- NewTest1 -->
