<?xml version="1.0" encoding="UTF-8"?>
<!-- Generated by org.testng.reporters.JUnitReportReporter -->
<testsuite skipped="0" hostname="DESKTOP-HLR597N" name="NewTest1" tests="4" failures="0" timestamp="2021-02-11T14:12:44 IST" time="5.794" errors="0">
  <testcase name="validate_xml" time="0.364" classname="NewTest1"/>
  <system-out/>
  <testcase name="simple_get_test" time="1.747" classname="NewTest1"/>
  <system-out/>
  <testcase name="extract_response_data" time="1.569" classname="NewTest1"/>
  <system-out/>
  <testcase name="validate_json" time="2.114" classname="NewTest1"/>
  <system-out/>
</testsuite> <!-- NewTest1 -->
