<?xml version="1.0" encoding="UTF-8"?>
<!-- Generated by org.testng.reporters.JUnitReportReporter -->
<testsuite skipped="0" hostname="DESKTOP-HLR597N" name="NewTest1" tests="2" failures="0" timestamp="2021-02-09T14:31:02 IST" time="7.637" errors="0">
  <testcase name="simple_get_test" time="5.071" classname="NewTest1"/>
  <system-out/>
  <testcase name="validate_json" time="2.566" classname="NewTest1"/>
  <system-out/>
</testsuite> <!-- NewTest1 -->
